<?xml version="1.0" encoding="UTF-8"?>
<!-- Generated by org.testng.reporters.JUnitReportReporter -->
<testsuite skipped="0" hostname="LAPTOP-KAGLUQR3" name="org.excel.TestNg" tests="6" failures="0" timestamp="19 Jan 2023 14:24:41 GMT" time="0.010" errors="0">
  <testcase name="tc03" time="0.001" classname="org.excel.TestNg"/>
  <testcase name="tc06" time="0.000" classname="org.excel.TestNg"/>
  <testcase name="tc02" time="0.001" classname="org.excel.TestNg"/>
  <testcase name="tc04" time="0.000" classname="org.excel.TestNg"/>
  <testcase name="tc05" time="0.000" classname="org.excel.TestNg"/>
  <testcase name="tc01" time="0.008" classname="org.excel.TestNg"/>
</testsuite> <!-- org.excel.TestNg -->
