<?xml version="1.0" encoding="UTF-8"?>
<!-- Generated by org.testng.reporters.JUnitReportReporter -->
<testsuite skipped="0" hostname="LAPTOP-KAGLUQR3" name="org.excel.TestNg2" tests="2" failures="0" timestamp="19 Jan 2023 14:24:41 GMT" time="0.009" errors="0">
  <testcase name="tc07" time="0.007" classname="org.excel.TestNg2"/>
  <testcase name="tc08" time="0.002" classname="org.excel.TestNg2"/>
</testsuite> <!-- org.excel.TestNg2 -->
